<?xml version="1.0" encoding="UTF-8"?>
<!-- Generated by org.testng.reporters.JUnitXMLReporter -->
<testsuite hostname="LAPTOP-E7R7GT6R" name="ASQA Sample Test" tests="1" failures="0" timestamp="26 Nov 2015 00:37:58 GMT" time="0.016" errors="0">
  <testcase name="@BeforeTest setup" time="0.0" classname="com.noname.controller.NewTest">
    <failure type="org.testng.TestNGException" message="
Parameter &amp;apos;browser&amp;apos; is required by @Configuration on method setup but has not been marked @Optional or defined
">
      <![CDATA[org.testng.TestNGException: 
Parameter 'browser' is required by @Configuration on method setup but has not been marked @Optional or defined

	at com.noname.controller.TestNGRun.runTestNGTest(TestNGRun.java:53)
	at com.noname.controller.TestNGRun.main(TestNGRun.java:64)
... Removed 16 stack frames]]>
    </failure>
  </testcase> <!-- @BeforeTest setup -->
  <testcase name="@AfterTest tearDown" time="0.0" classname="com.noname.controller.NewTest">
    <skipped/>
  </testcase> <!-- @AfterTest tearDown -->
  <testcase name="test_first" time="0.003" classname="com.noname.controller.NewTest">
    <skipped/>
  </testcase> <!-- test_first -->
</testsuite> <!-- ASQA Sample Test -->
